=================================
learning_rate = 0.001, iterations = 1000 
The model performance for testing data is 39.26272433767315
RMSE is 6.265997473481229
R2 score is -0.056309494643925095
final weights after traing are: 5.582619870470848 3.582017988300908 3.5045610124841944 3.650131995718211 3.41116413279638 3.788153895091851 3.110881893374033 2.9136116265805074


=================================
learning_rate = 0.001, iterations = 10000 
The model performance for testing data is 33.150131545246964
RMSE is 5.757615091793387
R2 score is 0.10814139134149858
final weights after traing are: 10.51192915618679 5.205669005303794 3.254192949780881 2.3795612412206606 2.383421493923027 3.848414857046234 1.0298602095779987 -0.7277627429612727


=================================
learning_rate = 0.01, iterations = 10000 
The model performance for testing data is 26.489662884913063
RMSE is 5.146810943187351
R2 score is 0.28733212258523755
final weights after traing are: 26.93260882726255 9.63478574058202 3.4315234437613387 -1.3724212466613213 -1.734967136593053 0.4052589784824655 -4.372842812610249 -11.603345121385322


=================================
learning_rate = 0.05, iterations = 10000 
The model performance for testing data is 26.80454212036803
RMSE is 5.177310317178992
R2 score is 0.2788607306559169
final weights after traing are: 29.04271825956505 8.570371074917198 5.848508193051604 -1.1496254974618445 -3.5443602599150448 -0.6687790861150228 -4.965745259830923 -12.73279349002446


=================================
learning_rate = 0.02, iterations = 10000 
The model performance for testing data is 26.687277634303538
RMSE is 5.165973057837559
R2 score is 0.28201557006413425
final weights after traing are: 28.665505505878958 9.302211942809661 4.5526154091236055 -1.1783293397864085 -2.9073351732422084 -0.404586043998024 -4.865111361890934 -12.582719483444155


=================================
learning_rate = 0.09, iterations = 1000 
The model performance for testing data is 26.472313125805947
RMSE is 5.145125180771207
R2 score is 0.28779889394621105
final weights after traing are: 26.427073098144287 9.58539393733834 3.3066212998359283 -1.3431055955349647 -1.524167645736497 0.596527104724954 -4.232856974042011 -11.289055561627615


=================================
learning_rate = 0.09, iterations = 10000 
The model performance for testing data is 26.822246421957043
RMSE is 5.179019832164871
R2 score is 0.27838442081802384
final weights after traing are: 29.076943934817734 8.429525422319703 6.105193621464586 -1.2245463113453148 -3.5981909029550105 -0.6828168997752749 -4.965867316048694 -12.7545610223637


=================================
learning_rate = 0.09, iterations = 750 
The model performance for testing data is 26.526681523872377
RMSE is 5.1504059571913725
R2 score is 0.2863361871153698
final weights after traing are: 24.667483554805287 9.275746635237487 3.051054827853095 -1.123560589614979 -0.9260906921312453 1.1964322096731945 -3.7389795418939977 -10.169293391595758


